2025-05-21 11:54:05,003 macbook-pro-de-sergio /Users/sergio/Desktop/Sergio/Programacion/Java/Quarkus/quarkus-quickstarts/grpc-plain-text-quickstart/target/grpc-plain-text-quickstart-1.0.0-SNAPSHOT-runner[11146] WARN  [io.qua.grp.run.GrpcServerRecorder] (main) Using legacy gRPC support with a separate HTTP server instance. This is the current default to maintain compatibility.
You can switch to the new unified HTTP server by setting quarkus.grpc.server.use-separate-server=false
This change is recommended for new applications and will become the default in future versions.

2025-05-21 11:54:05,006 macbook-pro-de-sergio /Users/sergio/Desktop/Sergio/Programacion/Java/Quarkus/quarkus-quickstarts/grpc-plain-text-quickstart/target/grpc-plain-text-quickstart-1.0.0-SNAPSHOT-runner[11146] ERROR [io.qua.grp.run.GrpcServerRecorder] (vert.x-eventloop-thread-0) Unable to start the gRPC server
2025-05-21 11:54:05,006 macbook-pro-de-sergio /Users/sergio/Desktop/Sergio/Programacion/Java/Quarkus/quarkus-quickstarts/grpc-plain-text-quickstart/target/grpc-plain-text-quickstart-1.0.0-SNAPSHOT-runner[11146] ERROR [io.qua.grp.run.GrpcServerRecorder] (main) Unable to start the gRPC server: io.quarkus.runtime.QuarkusBindException: Port already bound: 9000: Address already in use
	at io.quarkus.grpc.runtime.GrpcServerRecorder.getEffectiveThrowable(GrpcServerRecorder.java:494)
	at io.quarkus.grpc.runtime.GrpcServerRecorder$GrpcServerVerticle.lambda$start$0(GrpcServerRecorder.java:752)
	at io.vertx.grpc.VertxServer.lambda$start$2(VertxServer.java:187)
	at io.vertx.core.impl.future.FutureImpl$4.onFailure(FutureImpl.java:188)
	at io.vertx.core.impl.future.FutureBase.lambda$emitFailure$1(FutureBase.java:75)
	at io.netty.util.concurrent.AbstractEventExecutor.runTask(AbstractEventExecutor.java:173)
	at io.netty.util.concurrent.AbstractEventExecutor.safeExecute(AbstractEventExecutor.java:166)
	at io.netty.util.concurrent.SingleThreadEventExecutor.runAllTasks(SingleThreadEventExecutor.java:472)
	at io.netty.channel.nio.NioEventLoop.run(NioEventLoop.java:569)
	at io.netty.util.concurrent.SingleThreadEventExecutor$4.run(SingleThreadEventExecutor.java:998)
	at io.netty.util.internal.ThreadExecutorMap$2.run(ThreadExecutorMap.java:74)
	at io.netty.util.concurrent.FastThreadLocalRunnable.run(FastThreadLocalRunnable.java:30)
	at java.base@24.0.1/java.lang.Thread.runWith(Thread.java:1460)
	at java.base@24.0.1/java.lang.Thread.run(Thread.java:1447)
	at org.graalvm.nativeimage.builder/com.oracle.svm.core.thread.PlatformThreads.threadStartRoutine(PlatformThreads.java:832)
	at org.graalvm.nativeimage.builder/com.oracle.svm.core.thread.PlatformThreads.threadStartRoutine(PlatformThreads.java:808)

2025-05-21 11:54:05,008 macbook-pro-de-sergio /Users/sergio/Desktop/Sergio/Programacion/Java/Quarkus/quarkus-quickstarts/grpc-plain-text-quickstart/target/grpc-plain-text-quickstart-1.0.0-SNAPSHOT-runner[11146] INFO  [io.quarkus] (main) grpc-plain-text-quickstart 1.0.0-SNAPSHOT native (powered by Quarkus 3.22.3) started in 0.037s. Listening on: http://0.0.0.0:8081
2025-05-21 11:54:05,008 macbook-pro-de-sergio /Users/sergio/Desktop/Sergio/Programacion/Java/Quarkus/quarkus-quickstarts/grpc-plain-text-quickstart/target/grpc-plain-text-quickstart-1.0.0-SNAPSHOT-runner[11146] INFO  [io.quarkus] (main) Profile prod activated. 
2025-05-21 11:54:05,008 macbook-pro-de-sergio /Users/sergio/Desktop/Sergio/Programacion/Java/Quarkus/quarkus-quickstarts/grpc-plain-text-quickstart/target/grpc-plain-text-quickstart-1.0.0-SNAPSHOT-runner[11146] INFO  [io.quarkus] (main) Installed features: [cdi, grpc-client, grpc-server, rest, smallrye-context-propagation, vertx]
2025-05-21 11:54:05,429 macbook-pro-de-sergio /Users/sergio/Desktop/Sergio/Programacion/Java/Quarkus/quarkus-quickstarts/grpc-plain-text-quickstart/target/grpc-plain-text-quickstart-1.0.0-SNAPSHOT-runner[11146] INFO  [io.qua.grp.run.sup.Channels] (executor-thread-1) Creating Netty gRPC channel ...
2025-05-21 11:54:06,084 macbook-pro-de-sergio /Users/sergio/Desktop/Sergio/Programacion/Java/Quarkus/quarkus-quickstarts/grpc-plain-text-quickstart/target/grpc-plain-text-quickstart-1.0.0-SNAPSHOT-runner[11146] INFO  [io.qua.grp.run.sup.Channels] (Shutdown thread) Shutting down gRPC channel ManagedChannelOrphanWrapper{delegate=ManagedChannelImpl{logId=3, target=dns:///localhost:9000}}
2025-05-21 11:54:06,085 macbook-pro-de-sergio /Users/sergio/Desktop/Sergio/Programacion/Java/Quarkus/quarkus-quickstarts/grpc-plain-text-quickstart/target/grpc-plain-text-quickstart-1.0.0-SNAPSHOT-runner[11146] INFO  [io.quarkus] (Shutdown thread) grpc-plain-text-quickstart stopped in 0.001s
